<?xml version="1.0" encoding="UTF-8"?>
<!-- Generated by org.testng.reporters.JUnitReportReporter -->
<testsuite hostname="ganbayars-MacBook-Pro.local" failures="0" tests="1" name="DDC_Maven.DDC_Maven.DDCTest" time="6.701" errors="0" timestamp="2023-03-19T00:55:15 CDT" skipped="0">
  <testcase classname="DDC_Maven.DDC_Maven.DDCTest" name="testContextMenu" time="6.701"/>
  <system-out/>
</testsuite> <!-- DDC_Maven.DDC_Maven.DDCTest -->
